[0.013s] Invoking command in '/home/dongwon_serer/ros_ws/build/my_cpp_pkg': CMAKE_PREFIX_PATH=${CMAKE_PREFIX_PATH}:/home/dongwon_serer/ros_ws/install/my_py_pkg:/opt/ros/humble /usr/bin/cmake --build /home/dongwon_serer/ros_ws/build/my_cpp_pkg -- -j8 -l8
[0.096s] [35m[1mConsolidate compiler generated dependencies of target add_two_ints_server[0m
[0.109s] [ 50%] Built target my_node
[0.111s] [ 75%] [32mBuilding CXX object CMakeFiles/add_two_ints_server.dir/src/add_two_ints_server.cpp.o[0m
[2.158s] [01m[K/home/dongwon_serer/ros_ws/src/my_cpp_pkg/src/add_two_ints_server.cpp:22:59:[m[K [01;31m[Kerror: [m[Kâ€˜[01m[Kshared_ptr[m[Kâ€™ in â€˜[01m[Kclass rclcpp::Service<example_interfaces::srv::AddTwoInts>[m[Kâ€™ does not name a type
[2.158s]    22 |     rclcpp::Service<example_interfaces::srv::AddTwoInts>::[01;31m[Kshared_ptr[m[K server_;
[2.158s]       |                                                           [01;31m[K^~~~~~~~~~[m[K
[2.163s] [01m[K/home/dongwon_serer/ros_ws/src/my_cpp_pkg/src/add_two_ints_server.cpp:[m[K In constructor â€˜[01m[KAddTwoIntsServerNode::AddTwoIntsServerNode()[m[Kâ€™:
[2.163s] [01m[K/home/dongwon_serer/ros_ws/src/my_cpp_pkg/src/add_two_ints_server.cpp:10:13:[m[K [01;31m[Kerror: [m[Kâ€˜[01m[Kserver_[m[Kâ€™ was not declared in this scope
[2.163s]    10 |             [01;31m[Kserver_[m[K = this -> create_service<example_interfaces::srv::AddTwoInts>("add_two_ints", std::bind(&AddTwoIntsServerNode::callbackAddTwoInts, this, _1, _2));
[2.163s]       |             [01;31m[K^~~~~~~[m[K
[2.163s] [01m[K/home/dongwon_serer/ros_ws/src/my_cpp_pkg/src/add_two_ints_server.cpp:10:132:[m[K [01;31m[Kerror: [m[Kâ€˜[01m[KcallbackAddTwoInts[m[Kâ€™ is not a member of â€˜[01m[KAddTwoIntsServerNode[m[Kâ€™
[2.164s]    10 |             server_ = this -> create_service<example_interfaces::srv::AddTwoInts>("add_two_ints", std::bind(&AddTwoIntsServerNode::[01;31m[KcallbackAddTwoInts[m[K, this, _1, _2));
[2.164s]       |                                                                                                                                    [01;31m[K^~~~~~~~~~~~~~~~~~[m[K
[2.164s] [01m[K/home/dongwon_serer/ros_ws/src/my_cpp_pkg/src/add_two_ints_server.cpp:13:9:[m[K [01;31m[Kerror: [m[Kexpected â€˜[01m[K;[m[Kâ€™ before â€˜[01m[K}[m[Kâ€™ token
[2.164s]    13 |         [01;31m[K}[m[K
[2.164s]       |         [01;31m[K^[m[K
[2.170s] [01m[K/home/dongwon_serer/ros_ws/src/my_cpp_pkg/src/add_two_ints_server.cpp:[m[K In function â€˜[01m[Kint main()[m[Kâ€™:
[2.170s] [01m[K/home/dongwon_serer/ros_ws/src/my_cpp_pkg/src/add_two_ints_server.cpp:27:34:[m[K [01;31m[Kerror: [m[Kâ€˜[01m[KAddTwoIntsServer[m[Kâ€™ was not declared in this scope; did you mean â€˜[01m[KAddTwoIntsServerNode[m[Kâ€™?
[2.170s]    27 |     auto node = std::make_shared<[01;31m[KAddTwoIntsServer[m[K>();
[2.170s]       |                                  [01;31m[K^~~~~~~~~~~~~~~~[m[K
[2.170s]       |                                  [32m[KAddTwoIntsServerNode[m[K
[2.170s] [01m[K/home/dongwon_serer/ros_ws/src/my_cpp_pkg/src/add_two_ints_server.cpp:27:51:[m[K [01;31m[Kerror: [m[Kno matching function for call to â€˜[01m[Kmake_shared<<expression error> >()[m[Kâ€™
[2.170s]    27 |     auto node = [01;31m[Kstd::make_shared<AddTwoIntsServer>()[m[K;
[2.170s]       |                 [01;31m[K~~~~~~~~~~~~~~~~~~~~~~~~~~~~~~~~~~^~[m[K
[2.170s] In file included from [01m[K/usr/include/c++/11/memory:77[m[K,
[2.170s]                  from [01m[K/opt/ros/humble/include/rclcpp/rclcpp/rclcpp.hpp:153[m[K,
[2.171s]                  from [01m[K/home/dongwon_serer/ros_ws/src/my_cpp_pkg/src/add_two_ints_server.cpp:1[m[K:
[2.171s] [01m[K/usr/include/c++/11/bits/shared_ptr.h:875:5:[m[K [01;36m[Knote: [m[Kcandidate: â€˜[01m[Ktemplate<class _Tp, class ... _Args> std::shared_ptr<_Tp> std::make_shared(_Args&& ...)[m[Kâ€™
[2.171s]   875 |     [01;36m[Kmake_shared[m[K(_Args&&... __args)
[2.171s]       |     [01;36m[K^~~~~~~~~~~[m[K
[2.171s] [01m[K/usr/include/c++/11/bits/shared_ptr.h:875:5:[m[K [01;36m[Knote: [m[K  template argument deduction/substitution failed:
[2.171s] [01m[K/home/dongwon_serer/ros_ws/src/my_cpp_pkg/src/add_two_ints_server.cpp:27:51:[m[K [01;31m[Kerror: [m[Ktemplate argument 1 is invalid
[2.171s]    27 |     auto node = [01;31m[Kstd::make_shared<AddTwoIntsServer>()[m[K;
[2.171s]       |                 [01;31m[K~~~~~~~~~~~~~~~~~~~~~~~~~~~~~~~~~~^~[m[K
[2.171s] [01m[K/home/dongwon_serer/ros_ws/src/my_cpp_pkg/src/add_two_ints_server.cpp:28:5:[m[K [01;31m[Kerror: [m[Kâ€˜[01m[Krclrpp[m[Kâ€™ has not been declared
[2.171s]    28 |     [01;31m[Krclrpp[m[K::spin(node);
[2.171s]       |     [01;31m[K^~~~~~[m[K
[2.171s] [01m[K/home/dongwon_serer/ros_ws/src/my_cpp_pkg/src/add_two_ints_server.cpp:29:12:[m[K [01;31m[Kerror: [m[Kâ€˜[01m[Kshutdown[m[Kâ€™ was not declared in this scope; did you mean â€˜[01m[Krclcpp::shutdown[m[Kâ€™?
[2.171s]    29 |     rclcpp:[01;31m[Kshutdown[m[K();
[2.171s]       |            [01;31m[K^~~~~~~~[m[K
[2.171s]       |            [32m[Krclcpp::shutdown[m[K
[2.171s] In file included from [01m[K/opt/ros/humble/include/rclcpp/rclcpp/logging.hpp:25[m[K,
[2.171s]                  from [01m[K/opt/ros/humble/include/rclcpp/rclcpp/client.hpp:40[m[K,
[2.172s]                  from [01m[K/opt/ros/humble/include/rclcpp/rclcpp/callback_group.hpp:24[m[K,
[2.172s]                  from [01m[K/opt/ros/humble/include/rclcpp/rclcpp/any_executable.hpp:20[m[K,
[2.172s]                  from [01m[K/opt/ros/humble/include/rclcpp/rclcpp/memory_strategy.hpp:25[m[K,
[2.172s]                  from [01m[K/opt/ros/humble/include/rclcpp/rclcpp/memory_strategies.hpp:18[m[K,
[2.172s]                  from [01m[K/opt/ros/humble/include/rclcpp/rclcpp/executor_options.hpp:20[m[K,
[2.172s]                  from [01m[K/opt/ros/humble/include/rclcpp/rclcpp/executor.hpp:37[m[K,
[2.172s]                  from [01m[K/opt/ros/humble/include/rclcpp/rclcpp/executors/multi_threaded_executor.hpp:25[m[K,
[2.172s]                  from [01m[K/opt/ros/humble/include/rclcpp/rclcpp/executors.hpp:21[m[K,
[2.172s]                  from [01m[K/opt/ros/humble/include/rclcpp/rclcpp/rclcpp.hpp:155[m[K,
[2.172s]                  from [01m[K/home/dongwon_serer/ros_ws/src/my_cpp_pkg/src/add_two_ints_server.cpp:1[m[K:
[2.172s] [01m[K/opt/ros/humble/include/rclcpp/rclcpp/utilities.hpp:194:1:[m[K [01;36m[Knote: [m[Kâ€˜[01m[Krclcpp::shutdown[m[Kâ€™ declared here
[2.172s]   194 | [01;36m[Kshutdown[m[K(
[2.172s]       | [01;36m[K^~~~~~~~[m[K
[2.502s] gmake[2]: *** [CMakeFiles/add_two_ints_server.dir/build.make:76: CMakeFiles/add_two_ints_server.dir/src/add_two_ints_server.cpp.o] Error 1
[2.502s] gmake[1]: *** [CMakeFiles/Makefile2:165: CMakeFiles/add_two_ints_server.dir/all] Error 2
[2.502s] gmake: *** [Makefile:146: all] Error 2
[2.505s] Invoked command in '/home/dongwon_serer/ros_ws/build/my_cpp_pkg' returned '2': CMAKE_PREFIX_PATH=${CMAKE_PREFIX_PATH}:/home/dongwon_serer/ros_ws/install/my_py_pkg:/opt/ros/humble /usr/bin/cmake --build /home/dongwon_serer/ros_ws/build/my_cpp_pkg -- -j8 -l8
