[01m[K/home/dongwon_serer/ros_ws/src/my_cpp_pkg/src/hardware_status_publisher.cpp:25:21:[m[K [01;31m[Kerror: [m[Kâ€˜[01m[Kstd_msgs[m[Kâ€™ was not declared in this scope
   25 |   rclcpp::Publisher<[01;31m[Kstd_msgs[m[K::msg::String>::SharedPtr publisher_;
      |                     [01;31m[K^~~~~~~~[m[K
[01m[K/home/dongwon_serer/ros_ws/src/my_cpp_pkg/src/hardware_status_publisher.cpp:25:42:[m[K [01;31m[Kerror: [m[Ktemplate argument 1 is invalid
   25 |   rclcpp::Publisher<std_msgs::msg::String[01;31m[K>[m[K::SharedPtr publisher_;
      |                                          [01;31m[K^[m[K
[01m[K/home/dongwon_serer/ros_ws/src/my_cpp_pkg/src/hardware_status_publisher.cpp:25:45:[m[K [01;31m[Kerror: [m[Kexpected â€˜[01m[K;[m[Kâ€™ at end of member declaration
   25 |   rclcpp::Publisher<std_msgs::msg::String>::[01;31m[KSharedPtr[m[K publisher_;
      |                                             [01;31m[K^~~~~~~~~[m[K
      |                                                      [32m[K;[m[K
[01m[K/home/dongwon_serer/ros_ws/src/my_cpp_pkg/src/hardware_status_publisher.cpp:25:55:[m[K [01;31m[Kerror: [m[Kâ€˜[01m[Kpublisher_[m[Kâ€™ does not name a type; did you mean â€˜[01m[Krmw_publisher_t[m[Kâ€™?
   25 |   rclcpp::Publisher<std_msgs::msg::String>::SharedPtr [01;31m[Kpublisher_[m[K;
      |                                                       [01;31m[K^~~~~~~~~~[m[K
      |                                                       [32m[Krmw_publisher_t[m[K
[01m[K/home/dongwon_serer/ros_ws/src/my_cpp_pkg/src/hardware_status_publisher.cpp:[m[K In constructor â€˜[01m[KHardwareStatusPublisherNode::HardwareStatusPublisherNode()[m[Kâ€™:
[01m[K/home/dongwon_serer/ros_ws/src/my_cpp_pkg/src/hardware_status_publisher.cpp:9:5:[m[K [01;31m[Kerror: [m[Kâ€˜[01m[Kpublisher_[m[Kâ€™ was not declared in this scope; did you mean â€˜[01m[Krmw_publisher_t[m[Kâ€™?
    9 |     [01;31m[Kpublisher_[m[K = this->create_publisher<my_robot_interfaces::msg::HardwareStatus>("hardware_status", 10);
      |     [01;31m[K^~~~~~~~~~[m[K
      |     [32m[Krmw_publisher_t[m[K
[01m[K/home/dongwon_serer/ros_ws/src/my_cpp_pkg/src/hardware_status_publisher.cpp:12:47:[m[K [01;31m[Kerror: [m[Kâ€˜[01m[KpublishHarddwareStatus[m[Kâ€™ is not a member of â€˜[01m[KHardwareStatusPublisherNode[m[Kâ€™
   12 |       std::bind(&HardwareStatusPublisherNode::[01;31m[KpublishHarddwareStatus[m[K, this)
      |                                               [01;31m[K^~~~~~~~~~~~~~~~~~~~~~[m[K
[01m[K/home/dongwon_serer/ros_ws/src/my_cpp_pkg/src/hardware_status_publisher.cpp:[m[K In member function â€˜[01m[Kvoid HardwareStatusPublisherNode::publishHardwareStatus()[m[Kâ€™:
[01m[K/home/dongwon_serer/ros_ws/src/my_cpp_pkg/src/hardware_status_publisher.cpp:23:5:[m[K [01;31m[Kerror: [m[Kâ€˜[01m[Kpublisher_[m[Kâ€™ was not declared in this scope; did you mean â€˜[01m[Krmw_publisher_t[m[Kâ€™?
   23 |     [01;31m[Kpublisher_[m[K->publish(msg);
      |     [01;31m[K^~~~~~~~~~[m[K
      |     [32m[Krmw_publisher_t[m[K
[01m[K/home/dongwon_serer/ros_ws/src/my_cpp_pkg/src/hardware_status_publisher.cpp:[m[K In function â€˜[01m[Kint main(int, char**)[m[Kâ€™:
[01m[K/home/dongwon_serer/ros_ws/src/my_cpp_pkg/src/hardware_status_publisher.cpp:32:33:[m[K [01;31m[Kerror: [m[Kâ€˜[01m[KMinimalPublisher[m[Kâ€™ was not declared in this scope
   32 |   rclcpp::spin(std::make_shared<[01;31m[KMinimalPublisher[m[K>());
      |                                 [01;31m[K^~~~~~~~~~~~~~~~[m[K
[01m[K/home/dongwon_serer/ros_ws/src/my_cpp_pkg/src/hardware_status_publisher.cpp:32:50:[m[K [01;31m[Kerror: [m[Kno matching function for call to â€˜[01m[Kmake_shared<<expression error> >()[m[Kâ€™
   32 |   rclcpp::spin([01;31m[Kstd::make_shared<MinimalPublisher>()[m[K);
      |                [01;31m[K~~~~~~~~~~~~~~~~~~~~~~~~~~~~~~~~~~^~[m[K
In file included from [01m[K/usr/include/c++/11/memory:77[m[K,
                 from [01m[K/opt/ros/humble/include/rclcpp/rclcpp/rclcpp.hpp:153[m[K,
                 from [01m[K/home/dongwon_serer/ros_ws/src/my_cpp_pkg/src/hardware_status_publisher.cpp:1[m[K:
[01m[K/usr/include/c++/11/bits/shared_ptr.h:875:5:[m[K [01;36m[Knote: [m[Kcandidate: â€˜[01m[Ktemplate<class _Tp, class ... _Args> std::shared_ptr<_Tp> std::make_shared(_Args&& ...)[m[Kâ€™
  875 |     [01;36m[Kmake_shared[m[K(_Args&&... __args)
      |     [01;36m[K^~~~~~~~~~~[m[K
[01m[K/usr/include/c++/11/bits/shared_ptr.h:875:5:[m[K [01;36m[Knote: [m[K  template argument deduction/substitution failed:
[01m[K/home/dongwon_serer/ros_ws/src/my_cpp_pkg/src/hardware_status_publisher.cpp:32:50:[m[K [01;31m[Kerror: [m[Ktemplate argument 1 is invalid
   32 |   rclcpp::spin([01;31m[Kstd::make_shared<MinimalPublisher>()[m[K);
      |                [01;31m[K~~~~~~~~~~~~~~~~~~~~~~~~~~~~~~~~~~^~[m[K
gmake[2]: *** [CMakeFiles/hardware_status_publisher.dir/build.make:76: CMakeFiles/hardware_status_publisher.dir/src/hardware_status_publisher.cpp.o] Error 1
gmake[1]: *** [CMakeFiles/Makefile2:249: CMakeFiles/hardware_status_publisher.dir/all] Error 2
gmake: *** [Makefile:146: all] Error 2
