[01m[K/home/sloth/ros2_clean_ws/src/my_cpp_pkg/src/robot_news_station.cpp:13:10:[m[K [01;31m[Kerror: [m[Kvariable or field â€˜[01m[KpublishNews[m[Kâ€™ declared void
   13 |     void [01;31m[KpublishNews[m[K
      |          [01;31m[K^~~~~~~~~~~[m[K
[01m[K/home/sloth/ros2_clean_ws/src/my_cpp_pkg/src/robot_news_station.cpp:18:5:[m[K [01;31m[Kerror: [m[Kexpected â€˜[01m[K;[m[Kâ€™ at end of member declaration
   18 |     [01;31m[K}[m[K
      |     [01;31m[K^[m[K
      |      [32m[K;[m[K
[01m[K/home/sloth/ros2_clean_ws/src/my_cpp_pkg/src/robot_news_station.cpp:22:13:[m[K [01;31m[Kerror: [m[Kâ€˜[01m[KBase[m[Kâ€™ in namespace â€˜[01m[Krclcpp[m[Kâ€™ does not name a type
   22 |     rclcpp::[01;31m[KBase[m[K
      |             [01;31m[K^~~~[m[K
gmake[2]: *** [CMakeFiles/robot_news_station.dir/build.make:76: CMakeFiles/robot_news_station.dir/src/robot_news_station.cpp.o] Error 1
gmake[1]: *** [CMakeFiles/Makefile2:165: CMakeFiles/robot_news_station.dir/all] Error 2
gmake[1]: *** Waiting for unfinished jobs....
gmake: *** [Makefile:146: all] Error 2
