-- Found ament_cmake: 1.3.12 (/home/sloth/ros2_humble/install/ament_cmake/share/ament_cmake/cmake)
-- Found rclcpp: 16.0.12 (/opt/ros/humble/share/rclcpp/cmake)
-- Found rosidl_generator_c: 3.1.6 (/home/sloth/ros2_humble/install/rosidl_generator_c/share/rosidl_generator_c/cmake)
-- Found rosidl_adapter: 3.1.6 (/home/sloth/ros2_humble/install/rosidl_adapter/share/rosidl_adapter/cmake)
-- Found rosidl_generator_cpp: 3.1.6 (/opt/ros/humble/share/rosidl_generator_cpp/cmake)
-- Using all available rosidl_typesupport_c: rosidl_typesupport_introspection_c;rosidl_typesupport_fastrtps_c
-- Using all available rosidl_typesupport_cpp: rosidl_typesupport_introspection_cpp;rosidl_typesupport_fastrtps_cpp
-- Found rmw_implementation_cmake: 6.1.2 (/home/sloth/ros2_humble/install/rmw_implementation_cmake/share/rmw_implementation_cmake/cmake)
-- Found rmw_fastrtps_cpp: 6.2.7 (/opt/ros/humble/share/rmw_fastrtps_cpp/cmake)
-- Using RMW implementation 'rmw_fastrtps_cpp' as default
-- Found example_interfaces: 0.9.3 (/opt/ros/humble/share/example_interfaces/cmake)
-- Found ament_lint_auto: 0.12.12 (/home/sloth/ros2_humble/install/ament_lint_auto/share/ament_lint_auto/cmake)
-- Added test 'cppcheck' to perform static code analysis on C / C++ code
-- Configured cppcheck include dirs: 
-- Configured cppcheck exclude dirs and/or files: 
-- Added test 'lint_cmake' to check CMake code style
-- Added test 'uncrustify' to check C / C++ code style
-- Configured uncrustify additional arguments: 
-- Added test 'xmllint' to check XML markup files
-- Configuring done
-- Generating done
-- Build files have been written to: /home/sloth/ros2_clean_ws/build/my_cpp_pkg
[35m[1mConsolidate compiler generated dependencies of target template_node_cpp[0m
[ 25%] [32mBuilding CXX object CMakeFiles/robot_news_station.dir/src/robot_news_station.cpp.o[0m
[ 50%] [32mBuilding CXX object CMakeFiles/template_node_cpp.dir/src/template_node_cpp.cpp.o[0m
[01m[K/home/sloth/ros2_clean_ws/src/my_cpp_pkg/src/robot_news_station.cpp:13:10:[m[K [01;31m[Kerror: [m[Kvariable or field â€˜[01m[KpublishNews[m[Kâ€™ declared void
   13 |     void [01;31m[KpublishNews[m[K
      |          [01;31m[K^~~~~~~~~~~[m[K
[01m[K/home/sloth/ros2_clean_ws/src/my_cpp_pkg/src/robot_news_station.cpp:18:5:[m[K [01;31m[Kerror: [m[Kexpected â€˜[01m[K;[m[Kâ€™ at end of member declaration
   18 |     [01;31m[K}[m[K
      |     [01;31m[K^[m[K
      |      [32m[K;[m[K
[01m[K/home/sloth/ros2_clean_ws/src/my_cpp_pkg/src/robot_news_station.cpp:22:13:[m[K [01;31m[Kerror: [m[Kâ€˜[01m[KBase[m[Kâ€™ in namespace â€˜[01m[Krclcpp[m[Kâ€™ does not name a type
   22 |     rclcpp::[01;31m[KBase[m[K
      |             [01;31m[K^~~~[m[K
[ 75%] [32m[1mLinking CXX executable template_node_cpp[0m
gmake[2]: *** [CMakeFiles/robot_news_station.dir/build.make:76: CMakeFiles/robot_news_station.dir/src/robot_news_station.cpp.o] Error 1
gmake[1]: *** [CMakeFiles/Makefile2:165: CMakeFiles/robot_news_station.dir/all] Error 2
gmake[1]: *** Waiting for unfinished jobs....
[ 75%] Built target template_node_cpp
gmake: *** [Makefile:146: all] Error 2
