[0.010s] Invoking command in '/home/sloth/ros2_clean_ws/build/my_cpp_pkg': CMAKE_PREFIX_PATH=${CMAKE_PREFIX_PATH}:/home/sloth/ros2_clean_ws/install/my_py_pkg:/home/sloth/ros2_humble/install/ament_uncrustify:/home/sloth/ros2_humble/install/tracetools_trace:/home/sloth/ros2_humble/install/tracetools_read:/home/sloth/ros2_humble/install/rpyutils:/home/sloth/ros2_humble/install/rosidl_cli:/home/sloth/ros2_humble/install/launch_pytest:/home/sloth/ros2_humble/install/launch_testing:/home/sloth/ros2_humble/install/launch_yaml:/home/sloth/ros2_humble/install/launch_xml:/home/sloth/ros2_humble/install/launch:/home/sloth/ros2_humble/install/osrf_pycommon:/home/sloth/ros2_humble/install/domain_coordinator:/home/sloth/ros2_humble/install/ament_xmllint:/home/sloth/ros2_humble/install/ament_pyflakes:/home/sloth/ros2_humble/install/ament_pycodestyle:/home/sloth/ros2_humble/install/ament_pep257:/home/sloth/ros2_humble/install/ament_pclint:/home/sloth/ros2_humble/install/ament_package:/home/sloth/ros2_humble/install/ament_mypy:/home/sloth/ros2_humble/install/ament_lint_cmake:/home/sloth/ros2_humble/install/ament_flake8:/home/sloth/ros2_humble/install/ament_copyright:/home/sloth/ros2_humble/install/ament_lint:/home/sloth/ros2_humble/install/ament_index_python:/home/sloth/ros2_humble/install/ament_cpplint:/home/sloth/ros2_humble/install/ament_cppcheck:/home/sloth/ros2_humble/install/ament_clang_tidy:/home/sloth/ros2_humble/install/ament_clang_format:/opt/ros/humble /usr/bin/cmake --build /home/sloth/ros2_clean_ws/build/my_cpp_pkg -- -j16 -l16
[0.067s] -- Found ament_cmake: 1.3.12 (/home/sloth/ros2_humble/install/ament_cmake/share/ament_cmake/cmake)
[0.172s] -- Found rclcpp: 16.0.12 (/opt/ros/humble/share/rclcpp/cmake)
[0.199s] -- Found rosidl_generator_c: 3.1.6 (/home/sloth/ros2_humble/install/rosidl_generator_c/share/rosidl_generator_c/cmake)
[0.202s] -- Found rosidl_adapter: 3.1.6 (/home/sloth/ros2_humble/install/rosidl_adapter/share/rosidl_adapter/cmake)
[0.208s] -- Found rosidl_generator_cpp: 3.1.6 (/opt/ros/humble/share/rosidl_generator_cpp/cmake)
[0.219s] -- Using all available rosidl_typesupport_c: rosidl_typesupport_introspection_c;rosidl_typesupport_fastrtps_c
[0.231s] -- Using all available rosidl_typesupport_cpp: rosidl_typesupport_introspection_cpp;rosidl_typesupport_fastrtps_cpp
[0.261s] -- Found rmw_implementation_cmake: 6.1.2 (/home/sloth/ros2_humble/install/rmw_implementation_cmake/share/rmw_implementation_cmake/cmake)
[0.267s] -- Found rmw_fastrtps_cpp: 6.2.7 (/opt/ros/humble/share/rmw_fastrtps_cpp/cmake)
[0.348s] -- Using RMW implementation 'rmw_fastrtps_cpp' as default
[0.393s] -- Found example_interfaces: 0.9.3 (/opt/ros/humble/share/example_interfaces/cmake)
[0.446s] -- Found ament_lint_auto: 0.12.12 (/home/sloth/ros2_humble/install/ament_lint_auto/share/ament_lint_auto/cmake)
[0.496s] -- Added test 'cppcheck' to perform static code analysis on C / C++ code
[0.496s] -- Configured cppcheck include dirs: 
[0.496s] -- Configured cppcheck exclude dirs and/or files: 
[0.497s] -- Added test 'lint_cmake' to check CMake code style
[0.497s] -- Added test 'uncrustify' to check C / C++ code style
[0.497s] -- Configured uncrustify additional arguments: 
[0.497s] -- Added test 'xmllint' to check XML markup files
[0.499s] -- Configuring done
[0.511s] -- Generating done
[0.514s] -- Build files have been written to: /home/sloth/ros2_clean_ws/build/my_cpp_pkg
[0.529s] [35m[1mConsolidate compiler generated dependencies of target template_node_cpp[0m
[0.534s] [ 25%] [32mBuilding CXX object CMakeFiles/robot_news_station.dir/src/robot_news_station.cpp.o[0m
[0.540s] [ 50%] [32mBuilding CXX object CMakeFiles/template_node_cpp.dir/src/template_node_cpp.cpp.o[0m
[1.698s] [01m[K/home/sloth/ros2_clean_ws/src/my_cpp_pkg/src/robot_news_station.cpp:13:10:[m[K [01;31m[Kerror: [m[Kvariable or field â€˜[01m[KpublishNews[m[Kâ€™ declared void
[1.698s]    13 |     void [01;31m[KpublishNews[m[K
[1.698s]       |          [01;31m[K^~~~~~~~~~~[m[K
[1.698s] [01m[K/home/sloth/ros2_clean_ws/src/my_cpp_pkg/src/robot_news_station.cpp:18:5:[m[K [01;31m[Kerror: [m[Kexpected â€˜[01m[K;[m[Kâ€™ at end of member declaration
[1.698s]    18 |     [01;31m[K}[m[K
[1.698s]       |     [01;31m[K^[m[K
[1.698s]       |      [32m[K;[m[K
[1.700s] [01m[K/home/sloth/ros2_clean_ws/src/my_cpp_pkg/src/robot_news_station.cpp:22:13:[m[K [01;31m[Kerror: [m[Kâ€˜[01m[KBase[m[Kâ€™ in namespace â€˜[01m[Krclcpp[m[Kâ€™ does not name a type
[1.700s]    22 |     rclcpp::[01;31m[KBase[m[K
[1.700s]       |             [01;31m[K^~~~[m[K
[1.961s] [ 75%] [32m[1mLinking CXX executable template_node_cpp[0m
[2.009s] gmake[2]: *** [CMakeFiles/robot_news_station.dir/build.make:76: CMakeFiles/robot_news_station.dir/src/robot_news_station.cpp.o] Error 1
[2.009s] gmake[1]: *** [CMakeFiles/Makefile2:165: CMakeFiles/robot_news_station.dir/all] Error 2
[2.009s] gmake[1]: *** Waiting for unfinished jobs....
[2.043s] [ 75%] Built target template_node_cpp
[2.044s] gmake: *** [Makefile:146: all] Error 2
[2.045s] Invoked command in '/home/sloth/ros2_clean_ws/build/my_cpp_pkg' returned '2': CMAKE_PREFIX_PATH=${CMAKE_PREFIX_PATH}:/home/sloth/ros2_clean_ws/install/my_py_pkg:/home/sloth/ros2_humble/install/ament_uncrustify:/home/sloth/ros2_humble/install/tracetools_trace:/home/sloth/ros2_humble/install/tracetools_read:/home/sloth/ros2_humble/install/rpyutils:/home/sloth/ros2_humble/install/rosidl_cli:/home/sloth/ros2_humble/install/launch_pytest:/home/sloth/ros2_humble/install/launch_testing:/home/sloth/ros2_humble/install/launch_yaml:/home/sloth/ros2_humble/install/launch_xml:/home/sloth/ros2_humble/install/launch:/home/sloth/ros2_humble/install/osrf_pycommon:/home/sloth/ros2_humble/install/domain_coordinator:/home/sloth/ros2_humble/install/ament_xmllint:/home/sloth/ros2_humble/install/ament_pyflakes:/home/sloth/ros2_humble/install/ament_pycodestyle:/home/sloth/ros2_humble/install/ament_pep257:/home/sloth/ros2_humble/install/ament_pclint:/home/sloth/ros2_humble/install/ament_package:/home/sloth/ros2_humble/install/ament_mypy:/home/sloth/ros2_humble/install/ament_lint_cmake:/home/sloth/ros2_humble/install/ament_flake8:/home/sloth/ros2_humble/install/ament_copyright:/home/sloth/ros2_humble/install/ament_lint:/home/sloth/ros2_humble/install/ament_index_python:/home/sloth/ros2_humble/install/ament_cpplint:/home/sloth/ros2_humble/install/ament_cppcheck:/home/sloth/ros2_humble/install/ament_clang_tidy:/home/sloth/ros2_humble/install/ament_clang_format:/opt/ros/humble /usr/bin/cmake --build /home/sloth/ros2_clean_ws/build/my_cpp_pkg -- -j16 -l16
