[01m[K/home/sloth/ros2_clean_ws/src/my_cpp_pkg/src/robot_news_station.cpp:24:13:[m[K [01;31m[Kerror: [m[Kâ€˜[01m[KTimeBase[m[Kâ€™ in namespace â€˜[01m[Krclcpp[m[Kâ€™ does not name a type; did you mean â€˜[01m[KTimerBase[m[Kâ€™?
   24 |     rclcpp::[01;31m[KTimeBase[m[K::SharedPtr timer_;
      |             [01;31m[K^~~~~~~~[m[K
      |             [32m[KTimerBase[m[K
[01m[K/home/sloth/ros2_clean_ws/src/my_cpp_pkg/src/robot_news_station.cpp:[m[K In constructor â€˜[01m[KRobotNewsStationNode::RobotNewsStationNode()[m[Kâ€™:
[01m[K/home/sloth/ros2_clean_ws/src/my_cpp_pkg/src/robot_news_station.cpp:11:9:[m[K [01;31m[Kerror: [m[Kâ€˜[01m[Ktimer_[m[Kâ€™ was not declared in this scope; did you mean â€˜[01m[Ktimer_t[m[Kâ€™?
   11 |         [01;31m[Ktimer_[m[K = thie->create_wall_timer(0.5s, std::bind(&RobotNewsStationNode::publishNews, this));
      |         [01;31m[K^~~~~~[m[K
      |         [32m[Ktimer_t[m[K
[01m[K/home/sloth/ros2_clean_ws/src/my_cpp_pkg/src/robot_news_station.cpp:11:18:[m[K [01;31m[Kerror: [m[Kâ€˜[01m[Kthie[m[Kâ€™ was not declared in this scope; did you mean â€˜[01m[Kthis[m[Kâ€™?
   11 |         timer_ = [01;31m[Kthie[m[K->create_wall_timer(0.5s, std::bind(&RobotNewsStationNode::publishNews, this));
      |                  [01;31m[K^~~~[m[K
      |                  [32m[Kthis[m[K
gmake[2]: *** [CMakeFiles/robot_news_station.dir/build.make:76: CMakeFiles/robot_news_station.dir/src/robot_news_station.cpp.o] Error 1
gmake[1]: *** [CMakeFiles/Makefile2:137: CMakeFiles/robot_news_station.dir/all] Error 2
gmake: *** [Makefile:146: all] Error 2
