[0.010s] Invoking command in '/home/sloth/ros2_clean_ws/build/my_cpp_pkg': CMAKE_PREFIX_PATH=${CMAKE_PREFIX_PATH}:/home/sloth/ros2_clean_ws/install/my_py_pkg:/home/sloth/ros2_humble/install/ament_uncrustify:/home/sloth/ros2_humble/install/tracetools_trace:/home/sloth/ros2_humble/install/tracetools_read:/home/sloth/ros2_humble/install/rpyutils:/home/sloth/ros2_humble/install/rosidl_cli:/home/sloth/ros2_humble/install/launch_pytest:/home/sloth/ros2_humble/install/launch_testing:/home/sloth/ros2_humble/install/launch_yaml:/home/sloth/ros2_humble/install/launch_xml:/home/sloth/ros2_humble/install/launch:/home/sloth/ros2_humble/install/osrf_pycommon:/home/sloth/ros2_humble/install/domain_coordinator:/home/sloth/ros2_humble/install/ament_xmllint:/home/sloth/ros2_humble/install/ament_pyflakes:/home/sloth/ros2_humble/install/ament_pycodestyle:/home/sloth/ros2_humble/install/ament_pep257:/home/sloth/ros2_humble/install/ament_pclint:/home/sloth/ros2_humble/install/ament_package:/home/sloth/ros2_humble/install/ament_mypy:/home/sloth/ros2_humble/install/ament_lint_cmake:/home/sloth/ros2_humble/install/ament_flake8:/home/sloth/ros2_humble/install/ament_copyright:/home/sloth/ros2_humble/install/ament_lint:/home/sloth/ros2_humble/install/ament_index_python:/home/sloth/ros2_humble/install/ament_cpplint:/home/sloth/ros2_humble/install/ament_cppcheck:/home/sloth/ros2_humble/install/ament_clang_tidy:/home/sloth/ros2_humble/install/ament_clang_format:/opt/ros/humble /usr/bin/cmake --build /home/sloth/ros2_clean_ws/build/my_cpp_pkg -- -j16 -l16
[0.037s] -- Found ament_cmake: 1.3.12 (/home/sloth/ros2_humble/install/ament_cmake/share/ament_cmake/cmake)
[0.128s] -- Found rclcpp: 16.0.12 (/opt/ros/humble/share/rclcpp/cmake)
[0.145s] -- Found rosidl_generator_c: 3.1.6 (/home/sloth/ros2_humble/install/rosidl_generator_c/share/rosidl_generator_c/cmake)
[0.146s] -- Found rosidl_adapter: 3.1.6 (/home/sloth/ros2_humble/install/rosidl_adapter/share/rosidl_adapter/cmake)
[0.148s] -- Found rosidl_generator_cpp: 3.1.6 (/opt/ros/humble/share/rosidl_generator_cpp/cmake)
[0.157s] -- Using all available rosidl_typesupport_c: rosidl_typesupport_introspection_c;rosidl_typesupport_fastrtps_c
[0.167s] -- Using all available rosidl_typesupport_cpp: rosidl_typesupport_introspection_cpp;rosidl_typesupport_fastrtps_cpp
[0.186s] -- Found rmw_implementation_cmake: 6.1.2 (/home/sloth/ros2_humble/install/rmw_implementation_cmake/share/rmw_implementation_cmake/cmake)
[0.190s] -- Found rmw_fastrtps_cpp: 6.2.7 (/opt/ros/humble/share/rmw_fastrtps_cpp/cmake)
[0.268s] -- Using RMW implementation 'rmw_fastrtps_cpp' as default
[0.291s] -- Found example_interfaces: 0.9.3 (/opt/ros/humble/share/example_interfaces/cmake)
[0.323s] -- Found ament_lint_auto: 0.12.12 (/home/sloth/ros2_humble/install/ament_lint_auto/share/ament_lint_auto/cmake)
[0.367s] -- Added test 'cppcheck' to perform static code analysis on C / C++ code
[0.367s] -- Configured cppcheck include dirs: 
[0.367s] -- Configured cppcheck exclude dirs and/or files: 
[0.367s] -- Added test 'lint_cmake' to check CMake code style
[0.367s] -- Added test 'uncrustify' to check C / C++ code style
[0.367s] -- Configured uncrustify additional arguments: 
[0.367s] -- Added test 'xmllint' to check XML markup files
[0.368s] -- Configuring done
[0.378s] -- Generating done
[0.381s] -- Build files have been written to: /home/sloth/ros2_clean_ws/build/my_cpp_pkg
[0.397s] [35m[1mConsolidate compiler generated dependencies of target robot_news_station[0m
[0.408s] [ 50%] [32mBuilding CXX object CMakeFiles/robot_news_station.dir/src/robot_news_station.cpp.o[0m
[1.390s] [01m[K/home/sloth/ros2_clean_ws/src/my_cpp_pkg/src/robot_news_station.cpp:24:13:[m[K [01;31m[Kerror: [m[Kâ€˜[01m[KTimeBase[m[Kâ€™ in namespace â€˜[01m[Krclcpp[m[Kâ€™ does not name a type; did you mean â€˜[01m[KTimerBase[m[Kâ€™?
[1.390s]    24 |     rclcpp::[01;31m[KTimeBase[m[K::SharedPtr timer_;
[1.390s]       |             [01;31m[K^~~~~~~~[m[K
[1.390s]       |             [32m[KTimerBase[m[K
[1.396s] [01m[K/home/sloth/ros2_clean_ws/src/my_cpp_pkg/src/robot_news_station.cpp:[m[K In constructor â€˜[01m[KRobotNewsStationNode::RobotNewsStationNode()[m[Kâ€™:
[1.396s] [01m[K/home/sloth/ros2_clean_ws/src/my_cpp_pkg/src/robot_news_station.cpp:11:9:[m[K [01;31m[Kerror: [m[Kâ€˜[01m[Ktimer_[m[Kâ€™ was not declared in this scope; did you mean â€˜[01m[Ktimer_t[m[Kâ€™?
[1.396s]    11 |         [01;31m[Ktimer_[m[K = thie->create_wall_timer(0.5s, std::bind(&RobotNewsStationNode::publishNews, this));
[1.396s]       |         [01;31m[K^~~~~~[m[K
[1.396s]       |         [32m[Ktimer_t[m[K
[1.399s] [01m[K/home/sloth/ros2_clean_ws/src/my_cpp_pkg/src/robot_news_station.cpp:11:18:[m[K [01;31m[Kerror: [m[Kâ€˜[01m[Kthie[m[Kâ€™ was not declared in this scope; did you mean â€˜[01m[Kthis[m[Kâ€™?
[1.399s]    11 |         timer_ = [01;31m[Kthie[m[K->create_wall_timer(0.5s, std::bind(&RobotNewsStationNode::publishNews, this));
[1.399s]       |                  [01;31m[K^~~~[m[K
[1.399s]       |                  [32m[Kthis[m[K
[1.711s] gmake[2]: *** [CMakeFiles/robot_news_station.dir/build.make:76: CMakeFiles/robot_news_station.dir/src/robot_news_station.cpp.o] Error 1
[1.712s] gmake[1]: *** [CMakeFiles/Makefile2:137: CMakeFiles/robot_news_station.dir/all] Error 2
[1.712s] gmake: *** [Makefile:146: all] Error 2
[1.713s] Invoked command in '/home/sloth/ros2_clean_ws/build/my_cpp_pkg' returned '2': CMAKE_PREFIX_PATH=${CMAKE_PREFIX_PATH}:/home/sloth/ros2_clean_ws/install/my_py_pkg:/home/sloth/ros2_humble/install/ament_uncrustify:/home/sloth/ros2_humble/install/tracetools_trace:/home/sloth/ros2_humble/install/tracetools_read:/home/sloth/ros2_humble/install/rpyutils:/home/sloth/ros2_humble/install/rosidl_cli:/home/sloth/ros2_humble/install/launch_pytest:/home/sloth/ros2_humble/install/launch_testing:/home/sloth/ros2_humble/install/launch_yaml:/home/sloth/ros2_humble/install/launch_xml:/home/sloth/ros2_humble/install/launch:/home/sloth/ros2_humble/install/osrf_pycommon:/home/sloth/ros2_humble/install/domain_coordinator:/home/sloth/ros2_humble/install/ament_xmllint:/home/sloth/ros2_humble/install/ament_pyflakes:/home/sloth/ros2_humble/install/ament_pycodestyle:/home/sloth/ros2_humble/install/ament_pep257:/home/sloth/ros2_humble/install/ament_pclint:/home/sloth/ros2_humble/install/ament_package:/home/sloth/ros2_humble/install/ament_mypy:/home/sloth/ros2_humble/install/ament_lint_cmake:/home/sloth/ros2_humble/install/ament_flake8:/home/sloth/ros2_humble/install/ament_copyright:/home/sloth/ros2_humble/install/ament_lint:/home/sloth/ros2_humble/install/ament_index_python:/home/sloth/ros2_humble/install/ament_cpplint:/home/sloth/ros2_humble/install/ament_cppcheck:/home/sloth/ros2_humble/install/ament_clang_tidy:/home/sloth/ros2_humble/install/ament_clang_format:/opt/ros/humble /usr/bin/cmake --build /home/sloth/ros2_clean_ws/build/my_cpp_pkg -- -j16 -l16
