[0.024s] Invoking command in '/home/dongwon_serer/ros_ws/build/my_cpp_pkg': CMAKE_PREFIX_PATH=${CMAKE_PREFIX_PATH}:/home/dongwon_serer/ros_ws/install/my_py_pkg:/opt/ros/humble /usr/bin/cmake --build /home/dongwon_serer/ros_ws/build/my_cpp_pkg -- -j8 -l8
[0.127s] -- Found ament_cmake: 1.3.12 (/opt/ros/humble/share/ament_cmake/cmake)
[0.243s] -- Found rclcpp: 16.0.14 (/opt/ros/humble/share/rclcpp/cmake)
[0.328s] -- Found rosidl_generator_c: 3.1.7 (/opt/ros/humble/share/rosidl_generator_c/cmake)
[0.332s] -- Found rosidl_adapter: 3.1.7 (/opt/ros/humble/share/rosidl_adapter/cmake)
[0.339s] -- Found rosidl_generator_cpp: 3.1.7 (/opt/ros/humble/share/rosidl_generator_cpp/cmake)
[0.350s] -- Using all available rosidl_typesupport_c: rosidl_typesupport_fastrtps_c;rosidl_typesupport_introspection_c
[0.363s] -- Using all available rosidl_typesupport_cpp: rosidl_typesupport_fastrtps_cpp;rosidl_typesupport_introspection_cpp
[0.398s] -- Found rmw_implementation_cmake: 6.1.2 (/opt/ros/humble/share/rmw_implementation_cmake/cmake)
[0.401s] -- Found rmw_fastrtps_cpp: 6.2.8 (/opt/ros/humble/share/rmw_fastrtps_cpp/cmake)
[2.484s] -- Using RMW implementation 'rmw_fastrtps_cpp' as default
[2.537s] -- Found example_interfaces: 0.9.3 (/opt/ros/humble/share/example_interfaces/cmake)
[2.630s] -- Configuring done
[2.652s] -- Generating done
[2.656s] -- Build files have been written to: /home/dongwon_serer/ros_ws/build/my_cpp_pkg
[2.685s] [35m[1mConsolidate compiler generated dependencies of target my_node[0m
[2.686s] [35m[1mConsolidate compiler generated dependencies of target add_two_ints_server[0m
[2.693s] [ 16%] [32mBuilding CXX object CMakeFiles/add_two_ints_client_no_oop.dir/src/add_two_ints_client_no_oop.cpp.o[0m
[2.732s] [ 50%] [32mBuilding CXX object CMakeFiles/add_two_ints_server.dir/src/add_two_ints_server.cpp.o[0m
[2.732s] [ 50%] [32mBuilding CXX object CMakeFiles/my_node.dir/src/my_node.cpp.o[0m
[4.894s] [01m[K/home/dongwon_serer/ros_ws/src/my_cpp_pkg/src/add_two_ints_client_no_oop.cpp:[m[K In function â€˜[01m[Kint main(int, char**)[m[Kâ€™:
[4.894s] [01m[K/home/dongwon_serer/ros_ws/src/my_cpp_pkg/src/add_two_ints_client_no_oop.cpp:19:13:[m[K [01;31m[Kerror: [m[Kâ€˜[01m[Kspin_until_future_copmplete[m[Kâ€™ is not a member of â€˜[01m[Krclcpp[m[Kâ€™; did you mean â€˜[01m[Kspin_until_future_complete[m[Kâ€™?
[4.894s]    19 |     rclcpp::[01;31m[Kspin_until_future_copmplete[m[K(node, future);
[4.894s]       |             [01;31m[K^~~~~~~~~~~~~~~~~~~~~~~~~~~[m[K
[4.894s]       |             [32m[Kspin_until_future_complete[m[K
[5.368s] gmake[2]: *** [CMakeFiles/add_two_ints_client_no_oop.dir/build.make:76: CMakeFiles/add_two_ints_client_no_oop.dir/src/add_two_ints_client_no_oop.cpp.o] Error 1
[5.368s] gmake[1]: *** [CMakeFiles/Makefile2:193: CMakeFiles/add_two_ints_client_no_oop.dir/all] Error 2
[5.368s] gmake[1]: *** Waiting for unfinished jobs....
[5.721s] [ 66%] [32m[1mLinking CXX executable add_two_ints_server[0m
[5.927s] [ 66%] Built target add_two_ints_server
[6.251s] [ 83%] [32m[1mLinking CXX executable my_node[0m
[6.424s] [ 83%] Built target my_node
[6.425s] gmake: *** [Makefile:146: all] Error 2
[6.428s] Invoked command in '/home/dongwon_serer/ros_ws/build/my_cpp_pkg' returned '2': CMAKE_PREFIX_PATH=${CMAKE_PREFIX_PATH}:/home/dongwon_serer/ros_ws/install/my_py_pkg:/opt/ros/humble /usr/bin/cmake --build /home/dongwon_serer/ros_ws/build/my_cpp_pkg -- -j8 -l8
