[01m[K/home/dongwon_serer/ros_ws/src/cpp_prac_pkg/src/number_publisher.cpp:[m[K In member function â€˜[01m[Kvoid NumberPublisherNode::publishNumber()[m[Kâ€™:
[01m[K/home/dongwon_serer/ros_ws/src/cpp_prac_pkg/src/number_publisher.cpp:21:20:[m[K [01;31m[Kerror: [m[Kâ€˜[01m[Kself[m[Kâ€™ was not declared in this scope
   21 |         msg.data = [01;31m[Kself[m[K.number_;
      |                    [01;31m[K^~~~[m[K
gmake[2]: *** [CMakeFiles/number_publisher.dir/build.make:76: CMakeFiles/number_publisher.dir/src/number_publisher.cpp.o] Error 1
gmake[1]: *** [CMakeFiles/Makefile2:139: CMakeFiles/number_publisher.dir/all] Error 2
gmake[1]: *** Waiting for unfinished jobs....
gmake: *** [Makefile:146: all] Error 2
