[0.010s] Invoking command in '/home/dongwon_serer/ros_ws/build/cpp_prac_pkg': CMAKE_PREFIX_PATH=${CMAKE_PREFIX_PATH}:/home/dongwon_serer/ros_ws/install/my_py_pkg:/opt/ros/humble /usr/bin/cmake --build /home/dongwon_serer/ros_ws/build/cpp_prac_pkg -- -j8 -l8
[0.056s] [35m[1mConsolidate compiler generated dependencies of target number_publisher[0m
[0.102s] [ 75%] [32mBuilding CXX object CMakeFiles/number_counter.dir/src/number_counter.cpp.o[0m
[0.102s] [ 75%] Built target number_publisher
[0.534s] [01m[K/home/dongwon_serer/ros_ws/src/cpp_prac_pkg/src/number_counter.cpp:3:10:[m[K [01;31m[Kfatal error: [m[Kexample_interfaces/msg/set_bool.hpp: No such file or directory
[0.534s]     3 | #include [01;31m[K"example_interfaces/msg/set_bool.hpp"[m[K
[0.534s]       |          [01;31m[K^~~~~~~~~~~~~~~~~~~~~~~~~~~~~~~~~~~~~[m[K
[0.534s] compilation terminated.
[0.539s] gmake[2]: *** [CMakeFiles/number_counter.dir/build.make:76: CMakeFiles/number_counter.dir/src/number_counter.cpp.o] Error 1
[0.540s] gmake[1]: *** [CMakeFiles/Makefile2:165: CMakeFiles/number_counter.dir/all] Error 2
[0.540s] gmake: *** [Makefile:146: all] Error 2
[0.543s] Invoked command in '/home/dongwon_serer/ros_ws/build/cpp_prac_pkg' returned '2': CMAKE_PREFIX_PATH=${CMAKE_PREFIX_PATH}:/home/dongwon_serer/ros_ws/install/my_py_pkg:/opt/ros/humble /usr/bin/cmake --build /home/dongwon_serer/ros_ws/build/cpp_prac_pkg -- -j8 -l8
